
  .   ____          _            __ _ _
 /\\ / ___'_ __ _ _(_)_ __  __ _ \ \ \ \
( ( )\___ | '_ | '_| | '_ \/ _` | \ \ \ \
 \\/  ___)| |_)| | | | | || (_| |  ) ) ) )
  '  |____| .__|_| |_|_| |_\__, | / / / /
 =========|_|==============|___/=/_/_/_/
 :: Spring Boot ::                (v3.1.1)

2023-07-12T09:49:20.541-03:00  INFO 15468 --- [           main] br.com.corext.admcorext.App              : Starting App v0.0.1-SNAPSHOT using Java 19.0.2 with PID 15468 (C:\proj\corext\admcorext\target\admcorext-0.0.1-SNAPSHOT.jar started by TJPI in C:\proj\corext\admcorext\target)
2023-07-12T09:49:20.546-03:00  INFO 15468 --- [           main] br.com.corext.admcorext.App              : No active profile set, falling back to 1 default profile: "default"
2023-07-12T09:49:22.476-03:00  INFO 15468 --- [           main] .s.d.r.c.RepositoryConfigurationDelegate : Bootstrapping Spring Data JPA repositories in DEFAULT mode.
2023-07-12T09:49:22.965-03:00  INFO 15468 --- [           main] .s.d.r.c.RepositoryConfigurationDelegate : Finished Spring Data repository scanning in 463 ms. Found 4 JPA repository interfaces.
2023-07-12T09:49:24.902-03:00  INFO 15468 --- [           main] o.s.b.w.embedded.tomcat.TomcatWebServer  : Tomcat initialized with port(s): 8081 (http)
2023-07-12T09:49:24.950-03:00  INFO 15468 --- [           main] o.apache.catalina.core.StandardService   : Starting service [Tomcat]
2023-07-12T09:49:24.950-03:00  INFO 15468 --- [           main] o.apache.catalina.core.StandardEngine    : Starting Servlet engine: [Apache Tomcat/10.1.10]
2023-07-12T09:49:25.187-03:00  INFO 15468 --- [           main] o.a.c.c.C.[Tomcat].[localhost].[/]       : Initializing Spring embedded WebApplicationContext
2023-07-12T09:49:25.190-03:00  INFO 15468 --- [           main] w.s.c.ServletWebServerApplicationContext : Root WebApplicationContext: initialization completed in 4471 ms
2023-07-12T09:49:25.608-03:00  INFO 15468 --- [           main] o.hibernate.jpa.internal.util.LogHelper  : HHH000204: Processing PersistenceUnitInfo [name: default]
2023-07-12T09:49:25.714-03:00  INFO 15468 --- [           main] org.hibernate.Version                    : HHH000412: Hibernate ORM core version 6.2.5.Final
2023-07-12T09:49:25.719-03:00  INFO 15468 --- [           main] org.hibernate.cfg.Environment            : HHH000406: Using bytecode reflection optimizer
2023-07-12T09:49:25.963-03:00  INFO 15468 --- [           main] o.h.b.i.BytecodeProviderInitiator        : HHH000021: Bytecode provider name : bytebuddy
2023-07-12T09:49:26.231-03:00  INFO 15468 --- [           main] o.s.o.j.p.SpringPersistenceUnitInfo      : No LoadTimeWeaver setup: ignoring JPA class transformer
2023-07-12T09:49:26.264-03:00  INFO 15468 --- [           main] com.zaxxer.hikari.HikariDataSource       : HikariPool-1 - Starting...
2023-07-12T09:49:26.828-03:00  INFO 15468 --- [           main] com.zaxxer.hikari.pool.HikariPool        : HikariPool-1 - Added connection org.postgresql.jdbc.PgConnection@1a78dacd
2023-07-12T09:49:26.833-03:00  INFO 15468 --- [           main] com.zaxxer.hikari.HikariDataSource       : HikariPool-1 - Start completed.
2023-07-12T09:49:27.573-03:00  INFO 15468 --- [           main] o.h.b.i.BytecodeProviderInitiator        : HHH000021: Bytecode provider name : bytebuddy
2023-07-12T09:49:29.277-03:00  INFO 15468 --- [           main] o.h.m.i.EntityInstantiatorPojoStandard   : HHH000182: No default (no-argument) constructor for class: br.com.corext.admcorext.model.User (class must be instantiated by Interceptor)
2023-07-12T09:49:29.724-03:00  INFO 15468 --- [           main] o.h.e.t.j.p.i.JtaPlatformInitiator       : HHH000490: Using JtaPlatform implementation: [org.hibernate.engine.transaction.jta.platform.internal.NoJtaPlatform]
Hibernate: alter table if exists decisoes alter column decisao set data type varchar(255)
2023-07-12T09:49:29.905-03:00  WARN 15468 --- [           main] o.h.t.s.i.ExceptionHandlerLoggedImpl     : GenerationTarget encountered exception accepting command : Error executing DDL "alter table if exists decisoes alter column decisao set data type varchar(255)" via JDBC [ERROR: value too long for type character varying(255)]

org.hibernate.tool.schema.spi.CommandAcceptanceException: Error executing DDL "alter table if exists decisoes alter column decisao set data type varchar(255)" via JDBC [ERROR: value too long for type character varying(255)]
	at org.hibernate.tool.schema.internal.exec.GenerationTargetToDatabase.accept(GenerationTargetToDatabase.java:92) ~[hibernate-core-6.2.5.Final.jar!/:6.2.5.Final]
	at org.hibernate.tool.schema.internal.AbstractSchemaMigrator.applySqlString(AbstractSchemaMigrator.java:574) ~[hibernate-core-6.2.5.Final.jar!/:6.2.5.Final]
	at org.hibernate.tool.schema.internal.AbstractSchemaMigrator.applySqlStrings(AbstractSchemaMigrator.java:514) ~[hibernate-core-6.2.5.Final.jar!/:6.2.5.Final]
	at org.hibernate.tool.schema.internal.AbstractSchemaMigrator.migrateTable(AbstractSchemaMigrator.java:333) ~[hibernate-core-6.2.5.Final.jar!/:6.2.5.Final]
	at org.hibernate.tool.schema.internal.GroupedSchemaMigratorImpl.performTablesMigration(GroupedSchemaMigratorImpl.java:84) ~[hibernate-core-6.2.5.Final.jar!/:6.2.5.Final]
	at org.hibernate.tool.schema.internal.AbstractSchemaMigrator.performMigration(AbstractSchemaMigrator.java:232) ~[hibernate-core-6.2.5.Final.jar!/:6.2.5.Final]
	at org.hibernate.tool.schema.internal.AbstractSchemaMigrator.doMigration(AbstractSchemaMigrator.java:117) ~[hibernate-core-6.2.5.Final.jar!/:6.2.5.Final]
	at org.hibernate.tool.schema.spi.SchemaManagementToolCoordinator.performDatabaseAction(SchemaManagementToolCoordinator.java:284) ~[hibernate-core-6.2.5.Final.jar!/:6.2.5.Final]
	at org.hibernate.tool.schema.spi.SchemaManagementToolCoordinator.lambda$process$5(SchemaManagementToolCoordinator.java:143) ~[hibernate-core-6.2.5.Final.jar!/:6.2.5.Final]
	at java.base/java.util.HashMap.forEach(HashMap.java:1429) ~[na:na]
	at org.hibernate.tool.schema.spi.SchemaManagementToolCoordinator.process(SchemaManagementToolCoordinator.java:140) ~[hibernate-core-6.2.5.Final.jar!/:6.2.5.Final]
	at org.hibernate.boot.internal.SessionFactoryObserverForSchemaExport.sessionFactoryCreated(SessionFactoryObserverForSchemaExport.java:37) ~[hibernate-core-6.2.5.Final.jar!/:6.2.5.Final]
	at org.hibernate.internal.SessionFactoryObserverChain.sessionFactoryCreated(SessionFactoryObserverChain.java:35) ~[hibernate-core-6.2.5.Final.jar!/:6.2.5.Final]
	at org.hibernate.internal.SessionFactoryImpl.<init>(SessionFactoryImpl.java:292) ~[hibernate-core-6.2.5.Final.jar!/:6.2.5.Final]
	at org.hibernate.boot.internal.SessionFactoryBuilderImpl.build(SessionFactoryBuilderImpl.java:431) ~[hibernate-core-6.2.5.Final.jar!/:6.2.5.Final]
	at org.hibernate.jpa.boot.internal.EntityManagerFactoryBuilderImpl.build(EntityManagerFactoryBuilderImpl.java:1455) ~[hibernate-core-6.2.5.Final.jar!/:6.2.5.Final]
	at org.springframework.orm.jpa.vendor.SpringHibernateJpaPersistenceProvider.createContainerEntityManagerFactory(SpringHibernateJpaPersistenceProvider.java:75) ~[spring-orm-6.0.10.jar!/:6.0.10]
	at org.springframework.orm.jpa.LocalContainerEntityManagerFactoryBean.createNativeEntityManagerFactory(LocalContainerEntityManagerFactoryBean.java:376) ~[spring-orm-6.0.10.jar!/:6.0.10]
	at org.springframework.orm.jpa.AbstractEntityManagerFactoryBean.buildNativeEntityManagerFactory(AbstractEntityManagerFactoryBean.java:409) ~[spring-orm-6.0.10.jar!/:6.0.10]
	at org.springframework.orm.jpa.AbstractEntityManagerFactoryBean.afterPropertiesSet(AbstractEntityManagerFactoryBean.java:396) ~[spring-orm-6.0.10.jar!/:6.0.10]
	at org.springframework.orm.jpa.LocalContainerEntityManagerFactoryBean.afterPropertiesSet(LocalContainerEntityManagerFactoryBean.java:352) ~[spring-orm-6.0.10.jar!/:6.0.10]
	at org.springframework.beans.factory.support.AbstractAutowireCapableBeanFactory.invokeInitMethods(AbstractAutowireCapableBeanFactory.java:1816) ~[spring-beans-6.0.10.jar!/:6.0.10]
	at org.springframework.beans.factory.support.AbstractAutowireCapableBeanFactory.initializeBean(AbstractAutowireCapableBeanFactory.java:1766) ~[spring-beans-6.0.10.jar!/:6.0.10]
	at org.springframework.beans.factory.support.AbstractAutowireCapableBeanFactory.doCreateBean(AbstractAutowireCapableBeanFactory.java:598) ~[spring-beans-6.0.10.jar!/:6.0.10]
	at org.springframework.beans.factory.support.AbstractAutowireCapableBeanFactory.createBean(AbstractAutowireCapableBeanFactory.java:520) ~[spring-beans-6.0.10.jar!/:6.0.10]
	at org.springframework.beans.factory.support.AbstractBeanFactory.lambda$doGetBean$0(AbstractBeanFactory.java:326) ~[spring-beans-6.0.10.jar!/:6.0.10]
	at org.springframework.beans.factory.support.DefaultSingletonBeanRegistry.getSingleton(DefaultSingletonBeanRegistry.java:234) ~[spring-beans-6.0.10.jar!/:6.0.10]
	at org.springframework.beans.factory.support.AbstractBeanFactory.doGetBean(AbstractBeanFactory.java:324) ~[spring-beans-6.0.10.jar!/:6.0.10]
	at org.springframework.beans.factory.support.AbstractBeanFactory.getBean(AbstractBeanFactory.java:200) ~[spring-beans-6.0.10.jar!/:6.0.10]
	at org.springframework.context.support.AbstractApplicationContext.getBean(AbstractApplicationContext.java:1154) ~[spring-context-6.0.10.jar!/:6.0.10]
	at org.springframework.context.support.AbstractApplicationContext.finishBeanFactoryInitialization(AbstractApplicationContext.java:931) ~[spring-context-6.0.10.jar!/:6.0.10]
	at org.springframework.context.support.AbstractApplicationContext.refresh(AbstractApplicationContext.java:608) ~[spring-context-6.0.10.jar!/:6.0.10]
	at org.springframework.boot.web.servlet.context.ServletWebServerApplicationContext.refresh(ServletWebServerApplicationContext.java:146) ~[spring-boot-3.1.1.jar!/:3.1.1]
	at org.springframework.boot.SpringApplication.refresh(SpringApplication.java:734) ~[spring-boot-3.1.1.jar!/:3.1.1]
	at org.springframework.boot.SpringApplication.refreshContext(SpringApplication.java:436) ~[spring-boot-3.1.1.jar!/:3.1.1]
	at org.springframework.boot.SpringApplication.run(SpringApplication.java:312) ~[spring-boot-3.1.1.jar!/:3.1.1]
	at org.springframework.boot.SpringApplication.run(SpringApplication.java:1306) ~[spring-boot-3.1.1.jar!/:3.1.1]
	at org.springframework.boot.SpringApplication.run(SpringApplication.java:1295) ~[spring-boot-3.1.1.jar!/:3.1.1]
	at br.com.corext.admcorext.App.main(App.java:20) ~[classes!/:0.0.1-SNAPSHOT]
	at java.base/jdk.internal.reflect.DirectMethodHandleAccessor.invoke(DirectMethodHandleAccessor.java:104) ~[na:na]
	at java.base/java.lang.reflect.Method.invoke(Method.java:578) ~[na:na]
	at org.springframework.boot.loader.MainMethodRunner.run(MainMethodRunner.java:49) ~[admcorext-0.0.1-SNAPSHOT.jar:0.0.1-SNAPSHOT]
	at org.springframework.boot.loader.Launcher.launch(Launcher.java:95) ~[admcorext-0.0.1-SNAPSHOT.jar:0.0.1-SNAPSHOT]
	at org.springframework.boot.loader.Launcher.launch(Launcher.java:58) ~[admcorext-0.0.1-SNAPSHOT.jar:0.0.1-SNAPSHOT]
	at org.springframework.boot.loader.JarLauncher.main(JarLauncher.java:65) ~[admcorext-0.0.1-SNAPSHOT.jar:0.0.1-SNAPSHOT]
Caused by: org.postgresql.util.PSQLException: ERROR: value too long for type character varying(255)
	at org.postgresql.core.v3.QueryExecutorImpl.receiveErrorResponse(QueryExecutorImpl.java:2713) ~[postgresql-42.6.0.jar!/:42.6.0]
	at org.postgresql.core.v3.QueryExecutorImpl.processResults(QueryExecutorImpl.java:2401) ~[postgresql-42.6.0.jar!/:42.6.0]
	at org.postgresql.core.v3.QueryExecutorImpl.execute(QueryExecutorImpl.java:368) ~[postgresql-42.6.0.jar!/:42.6.0]
	at org.postgresql.jdbc.PgStatement.executeInternal(PgStatement.java:498) ~[postgresql-42.6.0.jar!/:42.6.0]
	at org.postgresql.jdbc.PgStatement.execute(PgStatement.java:415) ~[postgresql-42.6.0.jar!/:42.6.0]
	at org.postgresql.jdbc.PgStatement.executeWithFlags(PgStatement.java:335) ~[postgresql-42.6.0.jar!/:42.6.0]
	at org.postgresql.jdbc.PgStatement.executeCachedSql(PgStatement.java:321) ~[postgresql-42.6.0.jar!/:42.6.0]
	at org.postgresql.jdbc.PgStatement.executeWithFlags(PgStatement.java:297) ~[postgresql-42.6.0.jar!/:42.6.0]
	at org.postgresql.jdbc.PgStatement.execute(PgStatement.java:292) ~[postgresql-42.6.0.jar!/:42.6.0]
	at com.zaxxer.hikari.pool.ProxyStatement.execute(ProxyStatement.java:94) ~[HikariCP-5.0.1.jar!/:na]
	at com.zaxxer.hikari.pool.HikariProxyStatement.execute(HikariProxyStatement.java) ~[HikariCP-5.0.1.jar!/:na]
	at org.hibernate.tool.schema.internal.exec.GenerationTargetToDatabase.accept(GenerationTargetToDatabase.java:78) ~[hibernate-core-6.2.5.Final.jar!/:6.2.5.Final]
	... 44 common frames omitted

Hibernate: alter table if exists faqserv alter column answer set data type varchar(255)
2023-07-12T09:49:29.929-03:00  WARN 15468 --- [           main] o.h.t.s.i.ExceptionHandlerLoggedImpl     : GenerationTarget encountered exception accepting command : Error executing DDL "alter table if exists faqserv alter column answer set data type varchar(255)" via JDBC [ERROR: value too long for type character varying(255)]

org.hibernate.tool.schema.spi.CommandAcceptanceException: Error executing DDL "alter table if exists faqserv alter column answer set data type varchar(255)" via JDBC [ERROR: value too long for type character varying(255)]
	at org.hibernate.tool.schema.internal.exec.GenerationTargetToDatabase.accept(GenerationTargetToDatabase.java:92) ~[hibernate-core-6.2.5.Final.jar!/:6.2.5.Final]
	at org.hibernate.tool.schema.internal.AbstractSchemaMigrator.applySqlString(AbstractSchemaMigrator.java:574) ~[hibernate-core-6.2.5.Final.jar!/:6.2.5.Final]
	at org.hibernate.tool.schema.internal.AbstractSchemaMigrator.applySqlStrings(AbstractSchemaMigrator.java:514) ~[hibernate-core-6.2.5.Final.jar!/:6.2.5.Final]
	at org.hibernate.tool.schema.internal.AbstractSchemaMigrator.migrateTable(AbstractSchemaMigrator.java:333) ~[hibernate-core-6.2.5.Final.jar!/:6.2.5.Final]
	at org.hibernate.tool.schema.internal.GroupedSchemaMigratorImpl.performTablesMigration(GroupedSchemaMigratorImpl.java:84) ~[hibernate-core-6.2.5.Final.jar!/:6.2.5.Final]
	at org.hibernate.tool.schema.internal.AbstractSchemaMigrator.performMigration(AbstractSchemaMigrator.java:232) ~[hibernate-core-6.2.5.Final.jar!/:6.2.5.Final]
	at org.hibernate.tool.schema.internal.AbstractSchemaMigrator.doMigration(AbstractSchemaMigrator.java:117) ~[hibernate-core-6.2.5.Final.jar!/:6.2.5.Final]
	at org.hibernate.tool.schema.spi.SchemaManagementToolCoordinator.performDatabaseAction(SchemaManagementToolCoordinator.java:284) ~[hibernate-core-6.2.5.Final.jar!/:6.2.5.Final]
	at org.hibernate.tool.schema.spi.SchemaManagementToolCoordinator.lambda$process$5(SchemaManagementToolCoordinator.java:143) ~[hibernate-core-6.2.5.Final.jar!/:6.2.5.Final]
	at java.base/java.util.HashMap.forEach(HashMap.java:1429) ~[na:na]
	at org.hibernate.tool.schema.spi.SchemaManagementToolCoordinator.process(SchemaManagementToolCoordinator.java:140) ~[hibernate-core-6.2.5.Final.jar!/:6.2.5.Final]
	at org.hibernate.boot.internal.SessionFactoryObserverForSchemaExport.sessionFactoryCreated(SessionFactoryObserverForSchemaExport.java:37) ~[hibernate-core-6.2.5.Final.jar!/:6.2.5.Final]
	at org.hibernate.internal.SessionFactoryObserverChain.sessionFactoryCreated(SessionFactoryObserverChain.java:35) ~[hibernate-core-6.2.5.Final.jar!/:6.2.5.Final]
	at org.hibernate.internal.SessionFactoryImpl.<init>(SessionFactoryImpl.java:292) ~[hibernate-core-6.2.5.Final.jar!/:6.2.5.Final]
	at org.hibernate.boot.internal.SessionFactoryBuilderImpl.build(SessionFactoryBuilderImpl.java:431) ~[hibernate-core-6.2.5.Final.jar!/:6.2.5.Final]
	at org.hibernate.jpa.boot.internal.EntityManagerFactoryBuilderImpl.build(EntityManagerFactoryBuilderImpl.java:1455) ~[hibernate-core-6.2.5.Final.jar!/:6.2.5.Final]
	at org.springframework.orm.jpa.vendor.SpringHibernateJpaPersistenceProvider.createContainerEntityManagerFactory(SpringHibernateJpaPersistenceProvider.java:75) ~[spring-orm-6.0.10.jar!/:6.0.10]
	at org.springframework.orm.jpa.LocalContainerEntityManagerFactoryBean.createNativeEntityManagerFactory(LocalContainerEntityManagerFactoryBean.java:376) ~[spring-orm-6.0.10.jar!/:6.0.10]
	at org.springframework.orm.jpa.AbstractEntityManagerFactoryBean.buildNativeEntityManagerFactory(AbstractEntityManagerFactoryBean.java:409) ~[spring-orm-6.0.10.jar!/:6.0.10]
	at org.springframework.orm.jpa.AbstractEntityManagerFactoryBean.afterPropertiesSet(AbstractEntityManagerFactoryBean.java:396) ~[spring-orm-6.0.10.jar!/:6.0.10]
	at org.springframework.orm.jpa.LocalContainerEntityManagerFactoryBean.afterPropertiesSet(LocalContainerEntityManagerFactoryBean.java:352) ~[spring-orm-6.0.10.jar!/:6.0.10]
	at org.springframework.beans.factory.support.AbstractAutowireCapableBeanFactory.invokeInitMethods(AbstractAutowireCapableBeanFactory.java:1816) ~[spring-beans-6.0.10.jar!/:6.0.10]
	at org.springframework.beans.factory.support.AbstractAutowireCapableBeanFactory.initializeBean(AbstractAutowireCapableBeanFactory.java:1766) ~[spring-beans-6.0.10.jar!/:6.0.10]
	at org.springframework.beans.factory.support.AbstractAutowireCapableBeanFactory.doCreateBean(AbstractAutowireCapableBeanFactory.java:598) ~[spring-beans-6.0.10.jar!/:6.0.10]
	at org.springframework.beans.factory.support.AbstractAutowireCapableBeanFactory.createBean(AbstractAutowireCapableBeanFactory.java:520) ~[spring-beans-6.0.10.jar!/:6.0.10]
	at org.springframework.beans.factory.support.AbstractBeanFactory.lambda$doGetBean$0(AbstractBeanFactory.java:326) ~[spring-beans-6.0.10.jar!/:6.0.10]
	at org.springframework.beans.factory.support.DefaultSingletonBeanRegistry.getSingleton(DefaultSingletonBeanRegistry.java:234) ~[spring-beans-6.0.10.jar!/:6.0.10]
	at org.springframework.beans.factory.support.AbstractBeanFactory.doGetBean(AbstractBeanFactory.java:324) ~[spring-beans-6.0.10.jar!/:6.0.10]
	at org.springframework.beans.factory.support.AbstractBeanFactory.getBean(AbstractBeanFactory.java:200) ~[spring-beans-6.0.10.jar!/:6.0.10]
	at org.springframework.context.support.AbstractApplicationContext.getBean(AbstractApplicationContext.java:1154) ~[spring-context-6.0.10.jar!/:6.0.10]
	at org.springframework.context.support.AbstractApplicationContext.finishBeanFactoryInitialization(AbstractApplicationContext.java:931) ~[spring-context-6.0.10.jar!/:6.0.10]
	at org.springframework.context.support.AbstractApplicationContext.refresh(AbstractApplicationContext.java:608) ~[spring-context-6.0.10.jar!/:6.0.10]
	at org.springframework.boot.web.servlet.context.ServletWebServerApplicationContext.refresh(ServletWebServerApplicationContext.java:146) ~[spring-boot-3.1.1.jar!/:3.1.1]
	at org.springframework.boot.SpringApplication.refresh(SpringApplication.java:734) ~[spring-boot-3.1.1.jar!/:3.1.1]
	at org.springframework.boot.SpringApplication.refreshContext(SpringApplication.java:436) ~[spring-boot-3.1.1.jar!/:3.1.1]
	at org.springframework.boot.SpringApplication.run(SpringApplication.java:312) ~[spring-boot-3.1.1.jar!/:3.1.1]
	at org.springframework.boot.SpringApplication.run(SpringApplication.java:1306) ~[spring-boot-3.1.1.jar!/:3.1.1]
	at org.springframework.boot.SpringApplication.run(SpringApplication.java:1295) ~[spring-boot-3.1.1.jar!/:3.1.1]
	at br.com.corext.admcorext.App.main(App.java:20) ~[classes!/:0.0.1-SNAPSHOT]
	at java.base/jdk.internal.reflect.DirectMethodHandleAccessor.invoke(DirectMethodHandleAccessor.java:104) ~[na:na]
	at java.base/java.lang.reflect.Method.invoke(Method.java:578) ~[na:na]
	at org.springframework.boot.loader.MainMethodRunner.run(MainMethodRunner.java:49) ~[admcorext-0.0.1-SNAPSHOT.jar:0.0.1-SNAPSHOT]
	at org.springframework.boot.loader.Launcher.launch(Launcher.java:95) ~[admcorext-0.0.1-SNAPSHOT.jar:0.0.1-SNAPSHOT]
	at org.springframework.boot.loader.Launcher.launch(Launcher.java:58) ~[admcorext-0.0.1-SNAPSHOT.jar:0.0.1-SNAPSHOT]
	at org.springframework.boot.loader.JarLauncher.main(JarLauncher.java:65) ~[admcorext-0.0.1-SNAPSHOT.jar:0.0.1-SNAPSHOT]
Caused by: org.postgresql.util.PSQLException: ERROR: value too long for type character varying(255)
	at org.postgresql.core.v3.QueryExecutorImpl.receiveErrorResponse(QueryExecutorImpl.java:2713) ~[postgresql-42.6.0.jar!/:42.6.0]
	at org.postgresql.core.v3.QueryExecutorImpl.processResults(QueryExecutorImpl.java:2401) ~[postgresql-42.6.0.jar!/:42.6.0]
	at org.postgresql.core.v3.QueryExecutorImpl.execute(QueryExecutorImpl.java:368) ~[postgresql-42.6.0.jar!/:42.6.0]
	at org.postgresql.jdbc.PgStatement.executeInternal(PgStatement.java:498) ~[postgresql-42.6.0.jar!/:42.6.0]
	at org.postgresql.jdbc.PgStatement.execute(PgStatement.java:415) ~[postgresql-42.6.0.jar!/:42.6.0]
	at org.postgresql.jdbc.PgStatement.executeWithFlags(PgStatement.java:335) ~[postgresql-42.6.0.jar!/:42.6.0]
	at org.postgresql.jdbc.PgStatement.executeCachedSql(PgStatement.java:321) ~[postgresql-42.6.0.jar!/:42.6.0]
	at org.postgresql.jdbc.PgStatement.executeWithFlags(PgStatement.java:297) ~[postgresql-42.6.0.jar!/:42.6.0]
	at org.postgresql.jdbc.PgStatement.execute(PgStatement.java:292) ~[postgresql-42.6.0.jar!/:42.6.0]
	at com.zaxxer.hikari.pool.ProxyStatement.execute(ProxyStatement.java:94) ~[HikariCP-5.0.1.jar!/:na]
	at com.zaxxer.hikari.pool.HikariProxyStatement.execute(HikariProxyStatement.java) ~[HikariCP-5.0.1.jar!/:na]
	at org.hibernate.tool.schema.internal.exec.GenerationTargetToDatabase.accept(GenerationTargetToDatabase.java:78) ~[hibernate-core-6.2.5.Final.jar!/:6.2.5.Final]
	... 44 common frames omitted

2023-07-12T09:49:29.939-03:00  INFO 15468 --- [           main] j.LocalContainerEntityManagerFactoryBean : Initialized JPA EntityManagerFactory for persistence unit 'default'
2023-07-12T09:49:31.108-03:00  INFO 15468 --- [           main] o.s.d.j.r.query.QueryEnhancerFactory     : Hibernate is in classpath; If applicable, HQL parser will be used.
2023-07-12T09:49:32.451-03:00  WARN 15468 --- [           main] JpaBaseConfiguration$JpaWebConfiguration : spring.jpa.open-in-view is enabled by default. Therefore, database queries may be performed during view rendering. Explicitly configure spring.jpa.open-in-view to disable this warning
2023-07-12T09:49:32.830-03:00  INFO 15468 --- [           main] o.s.b.a.w.s.WelcomePageHandlerMapping    : Adding welcome page template: index
2023-07-12T09:49:33.466-03:00  INFO 15468 --- [           main] o.s.s.web.DefaultSecurityFilterChain     : Will secure any request with [org.springframework.security.web.session.DisableEncodeUrlFilter@7f42b194, org.springframework.security.web.context.request.async.WebAsyncManagerIntegrationFilter@8eb6f9a, org.springframework.security.web.context.SecurityContextHolderFilter@482ba4b1, org.springframework.security.web.header.HeaderWriterFilter@6793f752, org.springframework.security.web.csrf.CsrfFilter@274fdea6, org.springframework.security.web.authentication.logout.LogoutFilter@1796b2d4, org.springframework.security.web.authentication.UsernamePasswordAuthenticationFilter@12567179, org.springframework.security.web.savedrequest.RequestCacheAwareFilter@1510b9a2, org.springframework.security.web.servletapi.SecurityContextHolderAwareRequestFilter@633ddc0c, org.springframework.security.web.authentication.AnonymousAuthenticationFilter@29170a47, org.springframework.security.web.access.ExceptionTranslationFilter@53d30d23, org.springframework.security.web.access.intercept.AuthorizationFilter@7de147e9]
2023-07-12T09:49:34.415-03:00  INFO 15468 --- [           main] o.s.b.w.embedded.tomcat.TomcatWebServer  : Tomcat started on port(s): 8081 (http) with context path ''
2023-07-12T09:49:34.452-03:00  INFO 15468 --- [           main] br.com.corext.admcorext.App              : Started App in 15.003 seconds (process running for 16.264)
2023-07-12T09:49:35.804-03:00  INFO 15468 --- [nio-8081-exec-1] o.a.c.c.C.[Tomcat].[localhost].[/]       : Initializing Spring DispatcherServlet 'dispatcherServlet'
2023-07-12T09:49:35.804-03:00  INFO 15468 --- [nio-8081-exec-1] o.s.web.servlet.DispatcherServlet        : Initializing Servlet 'dispatcherServlet'
2023-07-12T09:49:35.808-03:00  INFO 15468 --- [nio-8081-exec-1] o.s.web.servlet.DispatcherServlet        : Completed initialization in 3 ms
Hibernate: select s1_0.id,s1_0.bairro,s1_0.cnpj,s1_0.cns,s1_0.cod_sei,s1_0.data_ingresso,s1_0.email,s1_0.instalacao,s1_0.logradouro,s1_0.municipio,s1_0.nome,s1_0.num_oficio,s1_0.portaria,s1_0.proc_sei,s1_0.responsavel,s1_0.situacao,s1_0.telefone from serventias s1_0
Hibernate: select s1_0.id,s1_0.bairro,s1_0.cnpj,s1_0.cns,s1_0.cod_sei,s1_0.data_ingresso,s1_0.email,s1_0.instalacao,s1_0.logradouro,s1_0.municipio,s1_0.nome,s1_0.num_oficio,s1_0.portaria,s1_0.proc_sei,s1_0.responsavel,s1_0.situacao,s1_0.telefone from serventias s1_0
Hibernate: select s1_0.id,s1_0.bairro,s1_0.cnpj,s1_0.cns,s1_0.cod_sei,s1_0.data_ingresso,s1_0.email,s1_0.instalacao,s1_0.logradouro,s1_0.municipio,s1_0.nome,s1_0.num_oficio,s1_0.portaria,s1_0.proc_sei,s1_0.responsavel,s1_0.situacao,s1_0.telefone from serventias s1_0
Hibernate: select s1_0.id,s1_0.bairro,s1_0.cnpj,s1_0.cns,s1_0.cod_sei,s1_0.data_ingresso,s1_0.email,s1_0.instalacao,s1_0.logradouro,s1_0.municipio,s1_0.nome,s1_0.num_oficio,s1_0.portaria,s1_0.proc_sei,s1_0.responsavel,s1_0.situacao,s1_0.telefone from serventias s1_0
Hibernate: select s1_0.id,s1_0.bairro,s1_0.cnpj,s1_0.cns,s1_0.cod_sei,s1_0.data_ingresso,s1_0.email,s1_0.instalacao,s1_0.logradouro,s1_0.municipio,s1_0.nome,s1_0.num_oficio,s1_0.portaria,s1_0.proc_sei,s1_0.responsavel,s1_0.situacao,s1_0.telefone from serventias s1_0
Hibernate: select s1_0.id,s1_0.bairro,s1_0.cnpj,s1_0.cns,s1_0.cod_sei,s1_0.data_ingresso,s1_0.email,s1_0.instalacao,s1_0.logradouro,s1_0.municipio,s1_0.nome,s1_0.num_oficio,s1_0.portaria,s1_0.proc_sei,s1_0.responsavel,s1_0.situacao,s1_0.telefone from serventias s1_0
Hibernate: select s1_0.id,s1_0.bairro,s1_0.cnpj,s1_0.cns,s1_0.cod_sei,s1_0.data_ingresso,s1_0.email,s1_0.instalacao,s1_0.logradouro,s1_0.municipio,s1_0.nome,s1_0.num_oficio,s1_0.portaria,s1_0.proc_sei,s1_0.responsavel,s1_0.situacao,s1_0.telefone from serventias s1_0
Hibernate: select s1_0.id,s1_0.bairro,s1_0.cnpj,s1_0.cns,s1_0.cod_sei,s1_0.data_ingresso,s1_0.email,s1_0.instalacao,s1_0.logradouro,s1_0.municipio,s1_0.nome,s1_0.num_oficio,s1_0.portaria,s1_0.proc_sei,s1_0.responsavel,s1_0.situacao,s1_0.telefone from serventias s1_0
Hibernate: select s1_0.id,s1_0.bairro,s1_0.cnpj,s1_0.cns,s1_0.cod_sei,s1_0.data_ingresso,s1_0.email,s1_0.instalacao,s1_0.logradouro,s1_0.municipio,s1_0.nome,s1_0.num_oficio,s1_0.portaria,s1_0.proc_sei,s1_0.responsavel,s1_0.situacao,s1_0.telefone from serventias s1_0
Hibernate: select s1_0.id,s1_0.bairro,s1_0.cnpj,s1_0.cns,s1_0.cod_sei,s1_0.data_ingresso,s1_0.email,s1_0.instalacao,s1_0.logradouro,s1_0.municipio,s1_0.nome,s1_0.num_oficio,s1_0.portaria,s1_0.proc_sei,s1_0.responsavel,s1_0.situacao,s1_0.telefone from serventias s1_0
Hibernate: select s1_0.id,s1_0.bairro,s1_0.cnpj,s1_0.cns,s1_0.cod_sei,s1_0.data_ingresso,s1_0.email,s1_0.instalacao,s1_0.logradouro,s1_0.municipio,s1_0.nome,s1_0.num_oficio,s1_0.portaria,s1_0.proc_sei,s1_0.responsavel,s1_0.situacao,s1_0.telefone from serventias s1_0
Hibernate: select s1_0.id,s1_0.bairro,s1_0.cnpj,s1_0.cns,s1_0.cod_sei,s1_0.data_ingresso,s1_0.email,s1_0.instalacao,s1_0.logradouro,s1_0.municipio,s1_0.nome,s1_0.num_oficio,s1_0.portaria,s1_0.proc_sei,s1_0.responsavel,s1_0.situacao,s1_0.telefone from serventias s1_0
Hibernate: select s1_0.id,s1_0.bairro,s1_0.cnpj,s1_0.cns,s1_0.cod_sei,s1_0.data_ingresso,s1_0.email,s1_0.instalacao,s1_0.logradouro,s1_0.municipio,s1_0.nome,s1_0.num_oficio,s1_0.portaria,s1_0.proc_sei,s1_0.responsavel,s1_0.situacao,s1_0.telefone from serventias s1_0
Hibernate: select s1_0.id,s1_0.bairro,s1_0.cnpj,s1_0.cns,s1_0.cod_sei,s1_0.data_ingresso,s1_0.email,s1_0.instalacao,s1_0.logradouro,s1_0.municipio,s1_0.nome,s1_0.num_oficio,s1_0.portaria,s1_0.proc_sei,s1_0.responsavel,s1_0.situacao,s1_0.telefone from serventias s1_0
Hibernate: select s1_0.id,s1_0.bairro,s1_0.cnpj,s1_0.cns,s1_0.cod_sei,s1_0.data_ingresso,s1_0.email,s1_0.instalacao,s1_0.logradouro,s1_0.municipio,s1_0.nome,s1_0.num_oficio,s1_0.portaria,s1_0.proc_sei,s1_0.responsavel,s1_0.situacao,s1_0.telefone from serventias s1_0
Hibernate: select s1_0.id,s1_0.bairro,s1_0.cnpj,s1_0.cns,s1_0.cod_sei,s1_0.data_ingresso,s1_0.email,s1_0.instalacao,s1_0.logradouro,s1_0.municipio,s1_0.nome,s1_0.num_oficio,s1_0.portaria,s1_0.proc_sei,s1_0.responsavel,s1_0.situacao,s1_0.telefone from serventias s1_0
Hibernate: select s1_0.id,s1_0.bairro,s1_0.cnpj,s1_0.cns,s1_0.cod_sei,s1_0.data_ingresso,s1_0.email,s1_0.instalacao,s1_0.logradouro,s1_0.municipio,s1_0.nome,s1_0.num_oficio,s1_0.portaria,s1_0.proc_sei,s1_0.responsavel,s1_0.situacao,s1_0.telefone from serventias s1_0
Hibernate: select s1_0.id,s1_0.bairro,s1_0.cnpj,s1_0.cns,s1_0.cod_sei,s1_0.data_ingresso,s1_0.email,s1_0.instalacao,s1_0.logradouro,s1_0.municipio,s1_0.nome,s1_0.num_oficio,s1_0.portaria,s1_0.proc_sei,s1_0.responsavel,s1_0.situacao,s1_0.telefone from serventias s1_0
Hibernate: select s1_0.id,s1_0.bairro,s1_0.cnpj,s1_0.cns,s1_0.cod_sei,s1_0.data_ingresso,s1_0.email,s1_0.instalacao,s1_0.logradouro,s1_0.municipio,s1_0.nome,s1_0.num_oficio,s1_0.portaria,s1_0.proc_sei,s1_0.responsavel,s1_0.situacao,s1_0.telefone from serventias s1_0
Hibernate: select s1_0.id,s1_0.bairro,s1_0.cnpj,s1_0.cns,s1_0.cod_sei,s1_0.data_ingresso,s1_0.email,s1_0.instalacao,s1_0.logradouro,s1_0.municipio,s1_0.nome,s1_0.num_oficio,s1_0.portaria,s1_0.proc_sei,s1_0.responsavel,s1_0.situacao,s1_0.telefone from serventias s1_0
Hibernate: select s1_0.id,s1_0.bairro,s1_0.cnpj,s1_0.cns,s1_0.cod_sei,s1_0.data_ingresso,s1_0.email,s1_0.instalacao,s1_0.logradouro,s1_0.municipio,s1_0.nome,s1_0.num_oficio,s1_0.portaria,s1_0.proc_sei,s1_0.responsavel,s1_0.situacao,s1_0.telefone from serventias s1_0
Hibernate: select s1_0.id,s1_0.bairro,s1_0.cnpj,s1_0.cns,s1_0.cod_sei,s1_0.data_ingresso,s1_0.email,s1_0.instalacao,s1_0.logradouro,s1_0.municipio,s1_0.nome,s1_0.num_oficio,s1_0.portaria,s1_0.proc_sei,s1_0.responsavel,s1_0.situacao,s1_0.telefone from serventias s1_0
Hibernate: select s1_0.id,s1_0.bairro,s1_0.cnpj,s1_0.cns,s1_0.cod_sei,s1_0.data_ingresso,s1_0.email,s1_0.instalacao,s1_0.logradouro,s1_0.municipio,s1_0.nome,s1_0.num_oficio,s1_0.portaria,s1_0.proc_sei,s1_0.responsavel,s1_0.situacao,s1_0.telefone from serventias s1_0
Hibernate: select s1_0.id,s1_0.bairro,s1_0.cnpj,s1_0.cns,s1_0.cod_sei,s1_0.data_ingresso,s1_0.email,s1_0.instalacao,s1_0.logradouro,s1_0.municipio,s1_0.nome,s1_0.num_oficio,s1_0.portaria,s1_0.proc_sei,s1_0.responsavel,s1_0.situacao,s1_0.telefone from serventias s1_0
Hibernate: select s1_0.id,s1_0.bairro,s1_0.cnpj,s1_0.cns,s1_0.cod_sei,s1_0.data_ingresso,s1_0.email,s1_0.instalacao,s1_0.logradouro,s1_0.municipio,s1_0.nome,s1_0.num_oficio,s1_0.portaria,s1_0.proc_sei,s1_0.responsavel,s1_0.situacao,s1_0.telefone from serventias s1_0
Hibernate: select s1_0.id,s1_0.bairro,s1_0.cnpj,s1_0.cns,s1_0.cod_sei,s1_0.data_ingresso,s1_0.email,s1_0.instalacao,s1_0.logradouro,s1_0.municipio,s1_0.nome,s1_0.num_oficio,s1_0.portaria,s1_0.proc_sei,s1_0.responsavel,s1_0.situacao,s1_0.telefone from serventias s1_0
2023-07-12T10:16:11.535-03:00  INFO 15468 --- [ionShutdownHook] j.LocalContainerEntityManagerFactoryBean : Closing JPA EntityManagerFactory for persistence unit 'default'
2023-07-12T10:16:11.538-03:00  INFO 15468 --- [ionShutdownHook] com.zaxxer.hikari.HikariDataSource       : HikariPool-1 - Shutdown initiated...
2023-07-12T10:16:11.545-03:00  INFO 15468 --- [ionShutdownHook] com.zaxxer.hikari.HikariDataSource       : HikariPool-1 - Shutdown completed.
